<?xml version="1.0" encoding="UTF-8"?>
<!-- Generated by org.testng.reporters.JUnitReportReporter -->
<testsuite hostname="LAPTOP-TGO2J5N0" name="test.APIEuiccPUTTests" tests="9" failures="1" timestamp="9 Jul 2019 15:14:33 GMT" time="2.363" errors="0">
  <testcase name="UpdateEuiccInvalidProfilePackage" time="0.058" classname="test.APIEuiccPUTTests"/>
  <testcase name="UpdateEuiccInvalidType" time="0.061" classname="test.APIEuiccPUTTests"/>
  <testcase name="UpdateEuiccInvalidBootstrapInfo" time="0.079" classname="test.APIEuiccPUTTests"/>
  <testcase name="UpdateEuiccInvalidEuiccType" time="0.058" classname="test.APIEuiccPUTTests"/>
  <testcase name="UpdateEuiccInvalidCustomerId" time="0.070" classname="test.APIEuiccPUTTests"/>
  <testcase name="UpdateEuiccInvalidAPIToken" time="1.844" classname="test.APIEuiccPUTTests">
    <failure type="java.lang.AssertionError" message="expected [401] but found [400]">
      <![CDATA[java.lang.AssertionError: expected [401] but found [400]
	at org.testng.Assert.fail(Assert.java:94)
	at org.testng.Assert.failNotEquals(Assert.java:513)
	at org.testng.Assert.assertEqualsImpl(Assert.java:135)
	at org.testng.Assert.assertEquals(Assert.java:116)
	at org.testng.Assert.assertEquals(Assert.java:389)
	at org.testng.Assert.assertEquals(Assert.java:399)
	at test.APIEuiccPUTTests.UpdateEuiccInvalidAPIToken(APIEuiccPUTTests.java:564)
	at sun.reflect.NativeMethodAccessorImpl.invoke0(Native Method)
	at sun.reflect.NativeMethodAccessorImpl.invoke(Unknown Source)
	at sun.reflect.DelegatingMethodAccessorImpl.invoke(Unknown Source)
	at java.lang.reflect.Method.invoke(Unknown Source)
	at org.testng.internal.MethodInvocationHelper.invokeMethod(MethodInvocationHelper.java:86)
	at org.testng.internal.Invoker.invokeMethod(Invoker.java:645)
	at org.testng.internal.Invoker.invokeTestMethod(Invoker.java:822)
	at org.testng.internal.Invoker.invokeTestMethods(Invoker.java:1130)
	at org.testng.internal.TestMethodWorker.invokeTestMethods(TestMethodWorker.java:129)
	at org.testng.internal.TestMethodWorker.run(TestMethodWorker.java:112)
	at org.testng.TestRunner.privateRun(TestRunner.java:782)
	at org.testng.TestRunner.run(TestRunner.java:632)
	at org.testng.SuiteRunner.runTest(SuiteRunner.java:366)
	at org.testng.SuiteRunner.runSequentially(SuiteRunner.java:361)
	at org.testng.SuiteRunner.privateRun(SuiteRunner.java:319)
	at org.testng.SuiteRunner.run(SuiteRunner.java:268)
	at org.testng.SuiteRunnerWorker.runSuite(SuiteRunnerWorker.java:52)
	at org.testng.SuiteRunnerWorker.run(SuiteRunnerWorker.java:86)
	at org.testng.TestNG.runSuitesSequentially(TestNG.java:1244)
	at org.testng.TestNG.runSuitesLocally(TestNG.java:1169)
	at org.testng.TestNG.run(TestNG.java:1064)
	at org.testng.remote.RemoteTestNG.run(RemoteTestNG.java:113)
	at org.testng.remote.RemoteTestNG.initAndRun(RemoteTestNG.java:206)
	at org.testng.remote.RemoteTestNG.main(RemoteTestNG.java:177)
]]>
    </failure>
  </testcase> <!-- UpdateEuiccInvalidAPIToken -->
  <testcase name="UpdateEuiccMissingProfile" time="0.087" classname="test.APIEuiccPUTTests"/>
  <testcase name="UpdateEuiccInvalidSMSRId" time="0.051" classname="test.APIEuiccPUTTests"/>
  <testcase name="UpdateEuiccInvalidEumId" time="0.055" classname="test.APIEuiccPUTTests"/>
</testsuite> <!-- test.APIEuiccPUTTests -->
